C:\Users\julien\workspace\[python]\working-with-databases\07(master)
(venv) λ py .\my_demo\manager.py  --help
Usage: manager.py [OPTIONS] COMMAND [ARGS]...

Options:
  --help  Show this message and exit.

Commands:
  add-investment   Add a new investment to the portfolio
  clear-data       Clear the database
  seed-data        Seed the database with sample data, use the --force...
  view-investment  See the details of an investment

-------------------------------------------------

C:\Users\julien\workspace\[python]\working-with-databases\07(master)
(venv) λ py .\my_demo\manager.py add-investment
Coin: litecoin
Currency: JPY
Amount: 10
Added buy for 10 litecoin in JPY

C:\Users\julien\workspace\[python]\working-with-databases\07(master)
(venv) λ py .\my_demo\manager.py view-investment
1: bitcoin
2: ethereum
3: dogecoin
4: litecoin
Select an investment: 4
You bought 10.0 litecoin for 160891.7 JPY

-------------------------------------------------
# documents in investments db
[
  {
    "_id": "677fd1327a2420bd20d153cf",
    "coin": "bitcoin",
    "currency": "USD",
    "amount": 1,
    "timestamp": "2025-01-07T14:30:49.436Z",
    "sell": false
  },
  {
    "_id": "677fd1327a2420bd20d153d0",
    "coin": "ethereum",
    "currency": "GBP",
    "amount": 10,
    "timestamp": "2025-01-08T13:49:30.458Z",
    "sell": true
  },
  {
    "_id": "677fd1327a2420bd20d153d1",
    "coin": "dogecoin",
    "currency": "EUR",
    "amount": 100,
    "timestamp": "2025-01-06T13:50:29.459Z",
    "sell": false
  },
  {
    "_id": "677fd1badf3be3a8d6480c19",
    "coin": "litecoin",
    "currency": "JPY",
    "amount": 10,
    "timestamp": "2025-01-09T14:40:10.273Z",
    "sell": false
  }
]

-------------------------------------------------

-------------------------------------------------

-------------------------------------------------

-------------------------------------------------
